<?xml version="1.0" encoding="UTF-8"?>
<!-- Generated by org.testng.reporters.JUnitXMLReporter -->
<testsuite ignored="4" hostname="Adan" failures="0" tests="1" name="Default test" time="31.629" errors="0" timestamp="2024-12-19T21:59:44 PKT">
  <testcase classname="adanautomation.Appium.TestRunner" name="Example2" time="20.993"/>
  <testcase classname="adanautomation.Appium.TestRunner" name="HomeScreenTest" time="0.0">
    <ignored/>
  </testcase> <!-- HomeScreenTest -->
  <testcase classname="adanautomation.Appium.TestRunner" name="SplashTest" time="0.0">
    <ignored/>
  </testcase> <!-- SplashTest -->
  <testcase classname="adanautomation.Appium.TestRunner" name="NumberSearchFeature" time="0.0">
    <ignored/>
  </testcase> <!-- NumberSearchFeature -->
  <testcase classname="adanautomation.Appium.TestRunner" name="Example" time="0.0">
    <ignored/>
  </testcase> <!-- Example -->
</testsuite> <!-- Default test -->
