<?xml version="1.0" encoding="UTF-8"?>
<testng-results ignored="4" total="5" passed="1" failed="0" skipped="0">
  <reporter-output>
  </reporter-output>
  <suite started-at="2024-12-19T21:59:13 PKT" name="Default suite" finished-at="2024-12-19T21:59:44 PKT" duration-ms="31629">
    <groups>
    </groups>
    <test started-at="2024-12-19T21:59:13 PKT" name="Default test" finished-at="2024-12-19T21:59:44 PKT" duration-ms="31629">
      <class name="adanautomation.Appium.TestRunner">
        <test-method is-config="true" signature="setUp()[pri:0, instance:adanautomation.Appium.TestRunner@45752059]" started-at="2024-12-19T21:59:13 PKT" name="setUp" finished-at="2024-12-19T21:59:23 PKT" duration-ms="10581" status="PASS">
          <reporter-output>
          </reporter-output>
        </test-method> <!-- setUp -->
        <test-method signature="Example2()[pri:0, instance:adanautomation.Appium.TestRunner@45752059]" started-at="2024-12-19T21:59:23 PKT" name="Example2" finished-at="2024-12-19T21:59:44 PKT" duration-ms="20993" status="PASS">
          <reporter-output>
          </reporter-output>
        </test-method> <!-- Example2 -->
      </class> <!-- adanautomation.Appium.TestRunner -->
    </test> <!-- Default test -->
  </suite> <!-- Default suite -->
</testng-results>
